Build started 4/29/2016 1:25:39 PM.
     1>Project "D:\Google Drive\GMU\CS 580 - Introduction to Artificial Intelligence - Amarda Shehu\AssignTTT\SupportCode\TTT.vcxproj" on node 2 (build target(s)).
     1>InitializeBuildStatus:
         Creating "TTT.dir\Debug\TTT.unsuccessfulbuild" because "AlwaysCreate" was specified.
       CustomBuild:
         All outputs are up-to-date.
       ClCompile:
         All outputs are up-to-date.
       ManifestResourceCompile:
         All outputs are up-to-date.
       Link:
         All outputs are up-to-date.
       Manifest:
         All outputs are up-to-date.
       FinalizeBuildStatus:
         Deleting file "TTT.dir\Debug\TTT.unsuccessfulbuild".
         Touching "TTT.dir\Debug\TTT.lastbuildstate".
     1>Done Building Project "D:\Google Drive\GMU\CS 580 - Introduction to Artificial Intelligence - Amarda Shehu\AssignTTT\SupportCode\TTT.vcxproj" (build target(s)).

Build succeeded.

Time Elapsed 00:00:00.14
