D:\GOOGLE DRIVE\GMU\CS 580 - INTRODUCTION TO ARTIFICIAL INTELLIGENCE - AMARDA SHEHU\ASSIGNTTT\SUPPORTCODE\BIN\DEBUG\TTT.EXE
D:\GOOGLE DRIVE\GMU\CS 580 - INTRODUCTION TO ARTIFICIAL INTELLIGENCE - AMARDA SHEHU\ASSIGNTTT\SUPPORTCODE\BIN\DEBUG\TTT.ILK
D:\GOOGLE DRIVE\GMU\CS 580 - INTRODUCTION TO ARTIFICIAL INTELLIGENCE - AMARDA SHEHU\ASSIGNTTT\SUPPORTCODE\BIN\DEBUG\TTT.PDB
D:\GOOGLE DRIVE\GMU\CS 580 - INTRODUCTION TO ARTIFICIAL INTELLIGENCE - AMARDA SHEHU\ASSIGNTTT\SUPPORTCODE\CMAKEFILES\GENERATE.STAMP
D:\Google Drive\GMU\CS 580 - Introduction to Artificial Intelligence - Amarda Shehu\AssignTTT\SupportCode\TTT.dir\Debug\cl.command.1.tlog
D:\Google Drive\GMU\CS 580 - Introduction to Artificial Intelligence - Amarda Shehu\AssignTTT\SupportCode\TTT.dir\Debug\CL.read.1.tlog
D:\Google Drive\GMU\CS 580 - Introduction to Artificial Intelligence - Amarda Shehu\AssignTTT\SupportCode\TTT.dir\Debug\CL.write.1.tlog
D:\Google Drive\GMU\CS 580 - Introduction to Artificial Intelligence - Amarda Shehu\AssignTTT\SupportCode\TTT.dir\Debug\custombuild.command.1.tlog
D:\Google Drive\GMU\CS 580 - Introduction to Artificial Intelligence - Amarda Shehu\AssignTTT\SupportCode\TTT.dir\Debug\custombuild.read.1.tlog
D:\Google Drive\GMU\CS 580 - Introduction to Artificial Intelligence - Amarda Shehu\AssignTTT\SupportCode\TTT.dir\Debug\custombuild.write.1.tlog
D:\GOOGLE DRIVE\GMU\CS 580 - INTRODUCTION TO ARTIFICIAL INTELLIGENCE - AMARDA SHEHU\ASSIGNTTT\SUPPORTCODE\TTT.DIR\DEBUG\GDRAW.OBJ
D:\GOOGLE DRIVE\GMU\CS 580 - INTRODUCTION TO ARTIFICIAL INTELLIGENCE - AMARDA SHEHU\ASSIGNTTT\SUPPORTCODE\TTT.DIR\DEBUG\GMANAGER.OBJ
D:\Google Drive\GMU\CS 580 - Introduction to Artificial Intelligence - Amarda Shehu\AssignTTT\SupportCode\TTT.dir\Debug\link.10116.read.1.tlog
D:\Google Drive\GMU\CS 580 - Introduction to Artificial Intelligence - Amarda Shehu\AssignTTT\SupportCode\TTT.dir\Debug\link.10116.write.1.tlog
D:\Google Drive\GMU\CS 580 - Introduction to Artificial Intelligence - Amarda Shehu\AssignTTT\SupportCode\TTT.dir\Debug\link.10116-cvtres.read.1.tlog
D:\Google Drive\GMU\CS 580 - Introduction to Artificial Intelligence - Amarda Shehu\AssignTTT\SupportCode\TTT.dir\Debug\link.10116-cvtres.write.1.tlog
D:\Google Drive\GMU\CS 580 - Introduction to Artificial Intelligence - Amarda Shehu\AssignTTT\SupportCode\TTT.dir\Debug\link.10644.read.1.tlog
D:\Google Drive\GMU\CS 580 - Introduction to Artificial Intelligence - Amarda Shehu\AssignTTT\SupportCode\TTT.dir\Debug\link.10644.write.1.tlog
D:\Google Drive\GMU\CS 580 - Introduction to Artificial Intelligence - Amarda Shehu\AssignTTT\SupportCode\TTT.dir\Debug\link.10644-cvtres.read.1.tlog
D:\Google Drive\GMU\CS 580 - Introduction to Artificial Intelligence - Amarda Shehu\AssignTTT\SupportCode\TTT.dir\Debug\link.10644-cvtres.write.1.tlog
D:\Google Drive\GMU\CS 580 - Introduction to Artificial Intelligence - Amarda Shehu\AssignTTT\SupportCode\TTT.dir\Debug\link.command.1.tlog
D:\Google Drive\GMU\CS 580 - Introduction to Artificial Intelligence - Amarda Shehu\AssignTTT\SupportCode\TTT.dir\Debug\link.read.1.tlog
D:\Google Drive\GMU\CS 580 - Introduction to Artificial Intelligence - Amarda Shehu\AssignTTT\SupportCode\TTT.dir\Debug\link.write.1.tlog
D:\Google Drive\GMU\CS 580 - Introduction to Artificial Intelligence - Amarda Shehu\AssignTTT\SupportCode\TTT.dir\Debug\link-cvtres.read.1.tlog
D:\Google Drive\GMU\CS 580 - Introduction to Artificial Intelligence - Amarda Shehu\AssignTTT\SupportCode\TTT.dir\Debug\link-cvtres.write.1.tlog
D:\Google Drive\GMU\CS 580 - Introduction to Artificial Intelligence - Amarda Shehu\AssignTTT\SupportCode\TTT.dir\Debug\mt.command.1.tlog
D:\Google Drive\GMU\CS 580 - Introduction to Artificial Intelligence - Amarda Shehu\AssignTTT\SupportCode\TTT.dir\Debug\mt.read.1.tlog
D:\Google Drive\GMU\CS 580 - Introduction to Artificial Intelligence - Amarda Shehu\AssignTTT\SupportCode\TTT.dir\Debug\mt.write.1.tlog
D:\GOOGLE DRIVE\GMU\CS 580 - INTRODUCTION TO ARTIFICIAL INTELLIGENCE - AMARDA SHEHU\ASSIGNTTT\SUPPORTCODE\TTT.DIR\DEBUG\PSEUDORANDOM.OBJ
D:\Google Drive\GMU\CS 580 - Introduction to Artificial Intelligence - Amarda Shehu\AssignTTT\SupportCode\TTT.dir\Debug\rc.command.1.tlog
D:\Google Drive\GMU\CS 580 - Introduction to Artificial Intelligence - Amarda Shehu\AssignTTT\SupportCode\TTT.dir\Debug\rc.read.1.tlog
D:\Google Drive\GMU\CS 580 - Introduction to Artificial Intelligence - Amarda Shehu\AssignTTT\SupportCode\TTT.dir\Debug\rc.write.1.tlog
D:\GOOGLE DRIVE\GMU\CS 580 - INTRODUCTION TO ARTIFICIAL INTELLIGENCE - AMARDA SHEHU\ASSIGNTTT\SUPPORTCODE\TTT.DIR\DEBUG\RUNTTT.OBJ
D:\GOOGLE DRIVE\GMU\CS 580 - INTRODUCTION TO ARTIFICIAL INTELLIGENCE - AMARDA SHEHU\ASSIGNTTT\SUPPORTCODE\TTT.DIR\DEBUG\TTT.EXE.EMBED.MANIFEST
D:\GOOGLE DRIVE\GMU\CS 580 - INTRODUCTION TO ARTIFICIAL INTELLIGENCE - AMARDA SHEHU\ASSIGNTTT\SUPPORTCODE\TTT.DIR\DEBUG\TTT.EXE.EMBED.MANIFEST.RES
D:\GOOGLE DRIVE\GMU\CS 580 - INTRODUCTION TO ARTIFICIAL INTELLIGENCE - AMARDA SHEHU\ASSIGNTTT\SUPPORTCODE\TTT.DIR\DEBUG\TTT.EXE.INTERMEDIATE.MANIFEST
D:\GOOGLE DRIVE\GMU\CS 580 - INTRODUCTION TO ARTIFICIAL INTELLIGENCE - AMARDA SHEHU\ASSIGNTTT\SUPPORTCODE\TTT.DIR\DEBUG\TTT.OBJ
D:\Google Drive\GMU\CS 580 - Introduction to Artificial Intelligence - Amarda Shehu\AssignTTT\SupportCode\TTT.dir\Debug\TTT.vcxprojResolveAssemblyReference.cache
D:\Google Drive\GMU\CS 580 - Introduction to Artificial Intelligence - Amarda Shehu\AssignTTT\SupportCode\TTT.dir\Debug\TTT.write.1.tlog
D:\Google Drive\GMU\CS 580 - Introduction to Artificial Intelligence - Amarda Shehu\AssignTTT\SupportCode\TTT.dir\Debug\TTT_manifest.rc
D:\GOOGLE DRIVE\GMU\CS 580 - INTRODUCTION TO ARTIFICIAL INTELLIGENCE - AMARDA SHEHU\ASSIGNTTT\SUPPORTCODE\TTT.DIR\DEBUG\VC100.PDB
